{
  "stats": {
    "suites": 1,
    "tests": 1,
    "passes": 0,
    "pending": 0,
    "failures": 1,
    "start": "2025-01-03T10:01:40.829Z",
    "end": "2025-01-03T10:02:40.274Z",
    "duration": 59445,
    "testsRegistered": 1,
    "passPercent": 0,
    "pendingPercent": 0,
    "other": 0,
    "hasOther": false,
    "skipped": 0,
    "hasSkipped": false
  },
  "results": [
    {
      "uuid": "e801a3fb-a79a-45dd-81e8-1103b811b0d6",
      "title": "",
      "fullFile": "cypress\\e2e\\tests\\ordering\\17-transaction.spec.cy.js",
      "file": "cypress\\e2e\\tests\\ordering\\17-transaction.spec.cy.js",
      "beforeHooks": [],
      "afterHooks": [],
      "tests": [],
      "suites": [
        {
          "uuid": "99f4dbd5-908e-4fc0-9cd8-1d0a73980d8a",
          "title": "Transaction 15",
          "fullFile": "",
          "file": "",
          "beforeHooks": [],
          "afterHooks": [],
          "tests": [
            {
              "title": "1 Pax with 20% discount",
              "fullTitle": "Transaction 15 1 Pax with 20% discount",
              "timedOut": null,
              "duration": 59348,
              "state": "failed",
              "speed": null,
              "pass": false,
              "fail": true,
              "pending": false,
              "context": "{\n  \"title\": \"cypress-mochawesome-reporter-screenshots\",\n  \"value\": [\n    [\n      \"\\\\17-transaction.spec.cy.js\\\\Transaction 15 -- 1 Pax with 20% discount (failed).png\"\n    ]\n  ]\n}",
              "code": "",
              "err": {
                "message": "AssertionError: Timed out retrying after 10000ms: Expected to find content: 'INV-0000000000000015' but never did.",
                "estack": "AssertionError: Timed out retrying after 10000ms: Expected to find content: 'INV-0000000000000015' but never did.\n    at Context.eval (webpack:///./cypress/e2e/tests/ordering/17-transaction.spec.cy.js:80:7)",
                "diff": null
              },
              "uuid": "8c8be3dc-9c1a-4760-af3b-0e630df24e37",
              "parentUUID": "99f4dbd5-908e-4fc0-9cd8-1d0a73980d8a",
              "isHook": false,
              "skipped": false
            }
          ],
          "suites": [],
          "passes": [],
          "failures": [
            "8c8be3dc-9c1a-4760-af3b-0e630df24e37"
          ],
          "pending": [],
          "skipped": [],
          "duration": 59348,
          "root": false,
          "rootEmpty": false,
          "_timeout": 2000
        }
      ],
      "passes": [],
      "failures": [],
      "pending": [],
      "skipped": [],
      "duration": 0,
      "root": true,
      "rootEmpty": true,
      "_timeout": 2000
    }
  ],
  "meta": {
    "mocha": {
      "version": "7.0.1"
    },
    "mochawesome": {
      "options": {
        "quiet": true,
        "reportFilename": "[status]-[name]-2025-01-03-report",
        "saveHtml": false,
        "saveJson": true,
        "consoleReporter": "spec",
        "useInlineDiffs": false,
        "code": false
      },
      "version": "7.1.3"
    },
    "marge": {
      "options": {
        "reportDir": "cypress\\reports\\.jsons",
        "charts": true,
        "reportPageTitle": "Cypress POS-OTC Functionality Report",
        "reportFilename": "[status]-[name]-2025-01-03-report",
        "embeddedScreenshots": false,
        "inlineAssets": true,
        "overwrite": false,
        "json": true,
        "html": false,
        "debug": false,
        "quiet": true,
        "videoOnFailOnly": true,
        "code": false,
        "saveAllAttempts": false,
        "screenshotOnRunFailure": false
      },
      "version": "6.2.0"
    }
  }
}