{
  "stats": {
    "suites": 1,
    "tests": 1,
    "passes": 0,
    "pending": 0,
    "failures": 1,
    "start": "2025-01-04T07:02:38.734Z",
    "end": "2025-01-04T07:03:13.991Z",
    "duration": 35257,
    "testsRegistered": 1,
    "passPercent": 0,
    "pendingPercent": 0,
    "other": 0,
    "hasOther": false,
    "skipped": 0,
    "hasSkipped": false
  },
  "results": [
    {
      "uuid": "c07f6cd5-0b7a-4b24-a880-3bdda1d03216",
      "title": "",
      "fullFile": "cypress\\e2e\\tests\\ordering\\26-transaction.spec.cy.js",
      "file": "cypress\\e2e\\tests\\ordering\\26-transaction.spec.cy.js",
      "beforeHooks": [],
      "afterHooks": [],
      "tests": [],
      "suites": [
        {
          "uuid": "101f1e3b-8d1f-44ea-96da-60d499dc0664",
          "title": "Transaction 24",
          "fullFile": "",
          "file": "",
          "beforeHooks": [],
          "afterHooks": [],
          "tests": [
            {
              "title": "1 Pax with 10% discount",
              "fullTitle": "Transaction 24 1 Pax with 10% discount",
              "timedOut": null,
              "duration": 35212,
              "state": "failed",
              "speed": null,
              "pass": false,
              "fail": true,
              "pending": false,
              "context": "{\n  \"title\": \"cypress-mochawesome-reporter-screenshots\",\n  \"value\": [\n    [\n      \"\\\\26-transaction.spec.cy.js\\\\Transaction 24 -- 1 Pax with 10% discount (failed).png\"\n    ]\n  ]\n}",
              "code": "",
              "err": {
                "message": "AssertionError: Timed out retrying after 10000ms: Expected to find content: 'Food' but never did.",
                "estack": "AssertionError: Timed out retrying after 10000ms: Expected to find content: 'Food' but never did.\n    at Context.eval (webpack:///./cypress/e2e/tests/ordering/26-transaction.spec.cy.js:16:7)",
                "diff": null
              },
              "uuid": "9be82592-af20-4c4f-88fa-182a61dfdbb4",
              "parentUUID": "101f1e3b-8d1f-44ea-96da-60d499dc0664",
              "isHook": false,
              "skipped": false
            }
          ],
          "suites": [],
          "passes": [],
          "failures": [
            "9be82592-af20-4c4f-88fa-182a61dfdbb4"
          ],
          "pending": [],
          "skipped": [],
          "duration": 35212,
          "root": false,
          "rootEmpty": false,
          "_timeout": 2000
        }
      ],
      "passes": [],
      "failures": [],
      "pending": [],
      "skipped": [],
      "duration": 0,
      "root": true,
      "rootEmpty": true,
      "_timeout": 2000
    }
  ],
  "meta": {
    "mocha": {
      "version": "7.0.1"
    },
    "mochawesome": {
      "options": {
        "quiet": true,
        "reportFilename": "[status]-[name]-2025-01-04-report",
        "saveHtml": false,
        "saveJson": true,
        "consoleReporter": "spec",
        "useInlineDiffs": false,
        "code": false
      },
      "version": "7.1.3"
    },
    "marge": {
      "options": {
        "reportDir": "cypress\\reports\\.jsons",
        "charts": true,
        "reportPageTitle": "Cypress POS-OTC Functionality Report",
        "reportFilename": "[status]-[name]-2025-01-04-report",
        "embeddedScreenshots": false,
        "inlineAssets": true,
        "overwrite": false,
        "json": true,
        "html": false,
        "debug": false,
        "quiet": true,
        "videoOnFailOnly": true,
        "code": false,
        "saveAllAttempts": false,
        "screenshotOnRunFailure": false
      },
      "version": "6.2.0"
    }
  }
}