{
  "stats": {
    "suites": 1,
    "tests": 1,
    "passes": 0,
    "pending": 0,
    "failures": 1,
    "start": "2025-01-04T08:29:01.400Z",
    "end": "2025-01-04T08:29:37.104Z",
    "duration": 35704,
    "testsRegistered": 1,
    "passPercent": 0,
    "pendingPercent": 0,
    "other": 0,
    "hasOther": false,
    "skipped": 0,
    "hasSkipped": false
  },
  "results": [
    {
      "uuid": "4f0f9acf-902e-4afd-947a-2559810ef569",
      "title": "",
      "fullFile": "cypress\\e2e\\tests\\ordering\\25-transaction.spec.cy.js",
      "file": "cypress\\e2e\\tests\\ordering\\25-transaction.spec.cy.js",
      "beforeHooks": [],
      "afterHooks": [],
      "tests": [],
      "suites": [
        {
          "uuid": "764ef5c7-3858-4679-bd1e-3c5b3783720f",
          "title": "Transaction 23",
          "fullFile": "",
          "file": "",
          "beforeHooks": [],
          "afterHooks": [],
          "tests": [
            {
              "title": "1 Pax with Regular Transaction",
              "fullTitle": "Transaction 23 1 Pax with Regular Transaction",
              "timedOut": null,
              "duration": 35649,
              "state": "failed",
              "speed": null,
              "pass": false,
              "fail": true,
              "pending": false,
              "context": "{\n  \"title\": \"cypress-mochawesome-reporter-screenshots\",\n  \"value\": [\n    [\n      \"\\\\25-transaction.spec.cy.js\\\\Transaction 23 -- 1 Pax with Regular Transaction (failed).png\"\n    ]\n  ]\n}",
              "code": "",
              "err": {
                "message": "AssertionError: Timed out retrying after 10000ms: Expected to find element: `.sc-dntaoT`, but never found it.",
                "estack": "AssertionError: Timed out retrying after 10000ms: Expected to find element: `.sc-dntaoT`, but never found it.\n    at Context.eval (webpack:///./cypress/e2e/tests/ordering/25-transaction.spec.cy.js:16:7)",
                "diff": null
              },
              "uuid": "e7820aae-8823-41ee-ac21-61741fb19496",
              "parentUUID": "764ef5c7-3858-4679-bd1e-3c5b3783720f",
              "isHook": false,
              "skipped": false
            }
          ],
          "suites": [],
          "passes": [],
          "failures": [
            "e7820aae-8823-41ee-ac21-61741fb19496"
          ],
          "pending": [],
          "skipped": [],
          "duration": 35649,
          "root": false,
          "rootEmpty": false,
          "_timeout": 2000
        }
      ],
      "passes": [],
      "failures": [],
      "pending": [],
      "skipped": [],
      "duration": 0,
      "root": true,
      "rootEmpty": true,
      "_timeout": 2000
    }
  ],
  "meta": {
    "mocha": {
      "version": "7.0.1"
    },
    "mochawesome": {
      "options": {
        "quiet": true,
        "reportFilename": "[status]-[name]-2025-01-04-report",
        "saveHtml": false,
        "saveJson": true,
        "consoleReporter": "spec",
        "useInlineDiffs": false,
        "code": false
      },
      "version": "7.1.3"
    },
    "marge": {
      "options": {
        "reportDir": "cypress\\reports\\.jsons",
        "charts": true,
        "reportPageTitle": "Cypress POS-OTC Functionality Report",
        "reportFilename": "[status]-[name]-2025-01-04-report",
        "embeddedScreenshots": false,
        "inlineAssets": true,
        "overwrite": false,
        "json": true,
        "html": false,
        "debug": false,
        "quiet": true,
        "videoOnFailOnly": true,
        "code": false,
        "saveAllAttempts": false,
        "screenshotOnRunFailure": false
      },
      "version": "6.2.0"
    }
  }
}