{
  "stats": {
    "suites": 1,
    "tests": 1,
    "passes": 0,
    "pending": 0,
    "failures": 1,
    "start": "2024-06-19T03:19:45.116Z",
    "end": "2024-06-19T03:20:07.148Z",
    "duration": 22032,
    "testsRegistered": 3,
    "passPercent": 0,
    "pendingPercent": 0,
    "other": 0,
    "hasOther": false,
    "skipped": 2,
    "hasSkipped": true
  },
  "results": [
    {
      "uuid": "c6d44e4b-0d67-4546-a3d8-f42a8bf88324",
      "title": "",
      "fullFile": "cypress\\e2e\\tests\\cashiering\\cashiering-cash-declaration.spec.cy.js",
      "file": "cypress\\e2e\\tests\\cashiering\\cashiering-cash-declaration.spec.cy.js",
      "beforeHooks": [],
      "afterHooks": [],
      "tests": [],
      "suites": [
        {
          "uuid": "51aa628f-8b27-4ae2-97aa-085202fbabf3",
          "title": "Cash Declaration",
          "fullFile": "",
          "file": "",
          "beforeHooks": [],
          "afterHooks": [],
          "tests": [
            {
              "title": "Cash Declaration Click ",
              "fullTitle": "Cash Declaration Cash Declaration Click ",
              "timedOut": null,
              "duration": 21772,
              "state": "failed",
              "speed": null,
              "pass": false,
              "fail": true,
              "pending": false,
              "context": "{\n  \"title\": \"cypress-mochawesome-reporter-screenshots\",\n  \"value\": [\n    [\n      \"\\\\cashiering\\\\cashiering-cash-declaration.spec.cy.js\\\\Cash Declaration -- Cash Declaration Click -- before each hook (failed).png\"\n    ]\n  ]\n}",
              "code": "",
              "err": {
                "message": "TypeError: Cannot read properties of undefined (reading 'split')\n\nThis error occurred while creating the session. Because the session setup failed, we failed the test.\n\nBecause this error occurred during a `before each` hook we are skipping the remaining tests in the current suite: `Cash Declaration`",
                "estack": "TypeError: Cannot read properties of undefined (reading 'split')\n\nThis error occurred while creating the session. Because the session setup failed, we failed the test.\n\nBecause this error occurred during a `before each` hook we are skipping the remaining tests in the current suite: `Cash Declaration`\n    at Context.eval (webpack:///./node_modules/cypress-real-events/commands/realType.js:37:0)\n    at Generator.next (<anonymous>)\n    at eval (webpack:///./node_modules/cypress-real-events/commands/realType.js:8:0)\n    at new Promise (<anonymous>)\n    at __webpack_modules__../node_modules/cypress-real-events/commands/realType.js.__awaiter (webpack:///./node_modules/cypress-real-events/commands/realType.js:4:0)\n    at Context.realType (webpack:///./node_modules/cypress-real-events/commands/realType.js:25:0)",
                "diff": null
              },
              "uuid": "ee66c9f8-60e4-4a46-9c89-c70d6d271b7f",
              "parentUUID": "51aa628f-8b27-4ae2-97aa-085202fbabf3",
              "isHook": false,
              "skipped": false
            },
            {
              "title": "Cash Declaration Type ",
              "fullTitle": "Cash Declaration Cash Declaration Type ",
              "timedOut": null,
              "duration": 0,
              "state": "skipped",
              "speed": null,
              "pass": false,
              "fail": false,
              "pending": false,
              "context": null,
              "code": "",
              "err": {},
              "uuid": "87a7b518-d6f8-4c4c-92db-fb34d4d9785c",
              "parentUUID": "51aa628f-8b27-4ae2-97aa-085202fbabf3",
              "isHook": false,
              "skipped": true
            },
            {
              "title": "Inputing of Data",
              "fullTitle": "Cash Declaration Inputing of Data",
              "timedOut": null,
              "duration": 0,
              "state": "skipped",
              "speed": null,
              "pass": false,
              "fail": false,
              "pending": false,
              "context": null,
              "code": "",
              "err": {},
              "uuid": "6420ba41-402d-40bd-bfdd-a187a26c5f5c",
              "parentUUID": "51aa628f-8b27-4ae2-97aa-085202fbabf3",
              "isHook": false,
              "skipped": true
            }
          ],
          "suites": [],
          "passes": [],
          "failures": [
            "ee66c9f8-60e4-4a46-9c89-c70d6d271b7f"
          ],
          "pending": [],
          "skipped": [
            "87a7b518-d6f8-4c4c-92db-fb34d4d9785c",
            "6420ba41-402d-40bd-bfdd-a187a26c5f5c"
          ],
          "duration": 21772,
          "root": false,
          "rootEmpty": false,
          "_timeout": 2000
        }
      ],
      "passes": [],
      "failures": [],
      "pending": [],
      "skipped": [],
      "duration": 0,
      "root": true,
      "rootEmpty": true,
      "_timeout": 2000
    }
  ],
  "meta": {
    "mocha": {
      "version": "7.0.1"
    },
    "mochawesome": {
      "options": {
        "quiet": true,
        "reportFilename": "[status]-[name]-2024-06-19-report",
        "saveHtml": false,
        "saveJson": true,
        "consoleReporter": "spec",
        "useInlineDiffs": false,
        "code": false
      },
      "version": "7.1.3"
    },
    "marge": {
      "options": {
        "reportDir": "cypress\\reports\\.jsons",
        "charts": true,
        "reportPageTitle": "Cypress POS-OTC Functionality Report",
        "reportFilename": "[status]-[name]-2024-06-19-report",
        "embeddedScreenshots": false,
        "inlineAssets": true,
        "overwrite": false,
        "json": true,
        "html": false,
        "debug": false,
        "quiet": true,
        "videoOnFailOnly": true,
        "code": false,
        "saveAllAttempts": false,
        "screenshotOnRunFailure": false
      },
      "version": "6.2.0"
    }
  }
}