{
  "stats": {
    "suites": 1,
    "tests": 1,
    "passes": 0,
    "pending": 0,
    "failures": 1,
    "start": "2024-06-19T03:20:17.180Z",
    "end": "2024-06-19T03:20:34.733Z",
    "duration": 17553,
    "testsRegistered": 2,
    "passPercent": 0,
    "pendingPercent": 0,
    "other": 0,
    "hasOther": false,
    "skipped": 1,
    "hasSkipped": true
  },
  "results": [
    {
      "uuid": "f8eb2acd-96f4-4889-ad69-d5b2ba5f9326",
      "title": "",
      "fullFile": "cypress\\e2e\\tests\\cashiering\\cashiering-cash-in.spec.cy.js",
      "file": "cypress\\e2e\\tests\\cashiering\\cashiering-cash-in.spec.cy.js",
      "beforeHooks": [],
      "afterHooks": [],
      "tests": [],
      "suites": [
        {
          "uuid": "b3459452-c676-418e-9dc9-6f0f30b48bc9",
          "title": "Cash In",
          "fullFile": "",
          "file": "",
          "beforeHooks": [],
          "afterHooks": [],
          "tests": [
            {
              "title": "Cash In ",
              "fullTitle": "Cash In Cash In ",
              "timedOut": null,
              "duration": 17196,
              "state": "failed",
              "speed": null,
              "pass": false,
              "fail": true,
              "pending": false,
              "context": "{\n  \"title\": \"cypress-mochawesome-reporter-screenshots\",\n  \"value\": [\n    [\n      \"\\\\cashiering\\\\cashiering-cash-in.spec.cy.js\\\\Cash In -- Cash In -- before each hook (failed).png\"\n    ]\n  ]\n}",
              "code": "",
              "err": {
                "message": "TypeError: Cannot read properties of undefined (reading 'split')\n\nThis error occurred while creating the session. Because the session setup failed, we failed the test.\n\nBecause this error occurred during a `before each` hook we are skipping the remaining tests in the current suite: `Cash In`",
                "estack": "TypeError: Cannot read properties of undefined (reading 'split')\n\nThis error occurred while creating the session. Because the session setup failed, we failed the test.\n\nBecause this error occurred during a `before each` hook we are skipping the remaining tests in the current suite: `Cash In`\n    at Context.eval (webpack:///./node_modules/cypress-real-events/commands/realType.js:37:0)\n    at Generator.next (<anonymous>)\n    at eval (webpack:///./node_modules/cypress-real-events/commands/realType.js:8:0)\n    at new Promise (<anonymous>)\n    at __webpack_modules__../node_modules/cypress-real-events/commands/realType.js.__awaiter (webpack:///./node_modules/cypress-real-events/commands/realType.js:4:0)\n    at Context.realType (webpack:///./node_modules/cypress-real-events/commands/realType.js:25:0)",
                "diff": null
              },
              "uuid": "9a94e16f-b0df-45a0-ac8e-0117cec47768",
              "parentUUID": "b3459452-c676-418e-9dc9-6f0f30b48bc9",
              "isHook": false,
              "skipped": false
            },
            {
              "title": "Inputing Data",
              "fullTitle": "Cash In Inputing Data",
              "timedOut": null,
              "duration": 0,
              "state": "skipped",
              "speed": null,
              "pass": false,
              "fail": false,
              "pending": false,
              "context": null,
              "code": "",
              "err": {},
              "uuid": "bb2c3506-9c77-442a-bcf3-5d4362dedcc4",
              "parentUUID": "b3459452-c676-418e-9dc9-6f0f30b48bc9",
              "isHook": false,
              "skipped": true
            }
          ],
          "suites": [],
          "passes": [],
          "failures": [
            "9a94e16f-b0df-45a0-ac8e-0117cec47768"
          ],
          "pending": [],
          "skipped": [
            "bb2c3506-9c77-442a-bcf3-5d4362dedcc4"
          ],
          "duration": 17196,
          "root": false,
          "rootEmpty": false,
          "_timeout": 2000
        }
      ],
      "passes": [],
      "failures": [],
      "pending": [],
      "skipped": [],
      "duration": 0,
      "root": true,
      "rootEmpty": true,
      "_timeout": 2000
    }
  ],
  "meta": {
    "mocha": {
      "version": "7.0.1"
    },
    "mochawesome": {
      "options": {
        "quiet": true,
        "reportFilename": "[status]-[name]-2024-06-19-report",
        "saveHtml": false,
        "saveJson": true,
        "consoleReporter": "spec",
        "useInlineDiffs": false,
        "code": false
      },
      "version": "7.1.3"
    },
    "marge": {
      "options": {
        "reportDir": "cypress\\reports\\.jsons",
        "charts": true,
        "reportPageTitle": "Cypress POS-OTC Functionality Report",
        "reportFilename": "[status]-[name]-2024-06-19-report",
        "embeddedScreenshots": false,
        "inlineAssets": true,
        "overwrite": false,
        "json": true,
        "html": false,
        "debug": false,
        "quiet": true,
        "videoOnFailOnly": true,
        "code": false,
        "saveAllAttempts": false,
        "screenshotOnRunFailure": false
      },
      "version": "6.2.0"
    }
  }
}