{
  "stats": {
    "suites": 1,
    "tests": 1,
    "passes": 0,
    "pending": 0,
    "failures": 1,
    "start": "2025-01-04T07:03:16.369Z",
    "end": "2025-01-04T07:03:51.591Z",
    "duration": 35222,
    "testsRegistered": 1,
    "passPercent": 0,
    "pendingPercent": 0,
    "other": 0,
    "hasOther": false,
    "skipped": 0,
    "hasSkipped": false
  },
  "results": [
    {
      "uuid": "a35816db-f49d-4486-99dc-cf6a3661fb59",
      "title": "",
      "fullFile": "cypress\\e2e\\tests\\ordering\\27-transaction.spec.cy.js",
      "file": "cypress\\e2e\\tests\\ordering\\27-transaction.spec.cy.js",
      "beforeHooks": [],
      "afterHooks": [],
      "tests": [],
      "suites": [
        {
          "uuid": "abdc0067-1e36-42b8-b41c-9159d5fcf1d3",
          "title": "Transaction 25",
          "fullFile": "",
          "file": "",
          "beforeHooks": [],
          "afterHooks": [],
          "tests": [
            {
              "title": "1 Pax with 20% discount",
              "fullTitle": "Transaction 25 1 Pax with 20% discount",
              "timedOut": null,
              "duration": 35177,
              "state": "failed",
              "speed": null,
              "pass": false,
              "fail": true,
              "pending": false,
              "context": "{\n  \"title\": \"cypress-mochawesome-reporter-screenshots\",\n  \"value\": [\n    [\n      \"\\\\27-transaction.spec.cy.js\\\\Transaction 25 -- 1 Pax with 20% discount (failed).png\"\n    ]\n  ]\n}",
              "code": "",
              "err": {
                "message": "AssertionError: Timed out retrying after 10000ms: Expected to find content: 'Food' but never did.",
                "estack": "AssertionError: Timed out retrying after 10000ms: Expected to find content: 'Food' but never did.\n    at Context.eval (webpack:///./cypress/e2e/tests/ordering/27-transaction.spec.cy.js:15:7)",
                "diff": null
              },
              "uuid": "833af3b0-faf2-48a8-91b9-5170069bc610",
              "parentUUID": "abdc0067-1e36-42b8-b41c-9159d5fcf1d3",
              "isHook": false,
              "skipped": false
            }
          ],
          "suites": [],
          "passes": [],
          "failures": [
            "833af3b0-faf2-48a8-91b9-5170069bc610"
          ],
          "pending": [],
          "skipped": [],
          "duration": 35177,
          "root": false,
          "rootEmpty": false,
          "_timeout": 2000
        }
      ],
      "passes": [],
      "failures": [],
      "pending": [],
      "skipped": [],
      "duration": 0,
      "root": true,
      "rootEmpty": true,
      "_timeout": 2000
    }
  ],
  "meta": {
    "mocha": {
      "version": "7.0.1"
    },
    "mochawesome": {
      "options": {
        "quiet": true,
        "reportFilename": "[status]-[name]-2025-01-04-report",
        "saveHtml": false,
        "saveJson": true,
        "consoleReporter": "spec",
        "useInlineDiffs": false,
        "code": false
      },
      "version": "7.1.3"
    },
    "marge": {
      "options": {
        "reportDir": "cypress\\reports\\.jsons",
        "charts": true,
        "reportPageTitle": "Cypress POS-OTC Functionality Report",
        "reportFilename": "[status]-[name]-2025-01-04-report",
        "embeddedScreenshots": false,
        "inlineAssets": true,
        "overwrite": false,
        "json": true,
        "html": false,
        "debug": false,
        "quiet": true,
        "videoOnFailOnly": true,
        "code": false,
        "saveAllAttempts": false,
        "screenshotOnRunFailure": false
      },
      "version": "6.2.0"
    }
  }
}