{
  "stats": {
    "suites": 1,
    "tests": 1,
    "passes": 0,
    "pending": 0,
    "failures": 1,
    "start": "2025-01-04T07:03:53.982Z",
    "end": "2025-01-04T07:04:29.272Z",
    "duration": 35290,
    "testsRegistered": 1,
    "passPercent": 0,
    "pendingPercent": 0,
    "other": 0,
    "hasOther": false,
    "skipped": 0,
    "hasSkipped": false
  },
  "results": [
    {
      "uuid": "e12381f4-2686-427a-a7aa-ffc7937b69d8",
      "title": "",
      "fullFile": "cypress\\e2e\\tests\\ordering\\28-transaction.spec.cy.js",
      "file": "cypress\\e2e\\tests\\ordering\\28-transaction.spec.cy.js",
      "beforeHooks": [],
      "afterHooks": [],
      "tests": [],
      "suites": [
        {
          "uuid": "fdb285b8-7661-4cd5-b116-59e6e2d51766",
          "title": "Transaction 26",
          "fullFile": "",
          "file": "",
          "beforeHooks": [],
          "afterHooks": [],
          "tests": [
            {
              "title": "1 Pax with Senior Discount",
              "fullTitle": "Transaction 26 1 Pax with Senior Discount",
              "timedOut": null,
              "duration": 35233,
              "state": "failed",
              "speed": null,
              "pass": false,
              "fail": true,
              "pending": false,
              "context": "{\n  \"title\": \"cypress-mochawesome-reporter-screenshots\",\n  \"value\": [\n    [\n      \"\\\\28-transaction.spec.cy.js\\\\Transaction 26 -- 1 Pax with Senior Discount (failed).png\"\n    ]\n  ]\n}",
              "code": "",
              "err": {
                "message": "AssertionError: Timed out retrying after 10000ms: Expected to find content: 'Food' but never did.",
                "estack": "AssertionError: Timed out retrying after 10000ms: Expected to find content: 'Food' but never did.\n    at Context.eval (webpack:///./cypress/e2e/tests/ordering/28-transaction.spec.cy.js:16:7)",
                "diff": null
              },
              "uuid": "f2b0a054-e75f-4862-932e-9d9aadec0f51",
              "parentUUID": "fdb285b8-7661-4cd5-b116-59e6e2d51766",
              "isHook": false,
              "skipped": false
            }
          ],
          "suites": [],
          "passes": [],
          "failures": [
            "f2b0a054-e75f-4862-932e-9d9aadec0f51"
          ],
          "pending": [],
          "skipped": [],
          "duration": 35233,
          "root": false,
          "rootEmpty": false,
          "_timeout": 2000
        }
      ],
      "passes": [],
      "failures": [],
      "pending": [],
      "skipped": [],
      "duration": 0,
      "root": true,
      "rootEmpty": true,
      "_timeout": 2000
    }
  ],
  "meta": {
    "mocha": {
      "version": "7.0.1"
    },
    "mochawesome": {
      "options": {
        "quiet": true,
        "reportFilename": "[status]-[name]-2025-01-04-report",
        "saveHtml": false,
        "saveJson": true,
        "consoleReporter": "spec",
        "useInlineDiffs": false,
        "code": false
      },
      "version": "7.1.3"
    },
    "marge": {
      "options": {
        "reportDir": "cypress\\reports\\.jsons",
        "charts": true,
        "reportPageTitle": "Cypress POS-OTC Functionality Report",
        "reportFilename": "[status]-[name]-2025-01-04-report",
        "embeddedScreenshots": false,
        "inlineAssets": true,
        "overwrite": false,
        "json": true,
        "html": false,
        "debug": false,
        "quiet": true,
        "videoOnFailOnly": true,
        "code": false,
        "saveAllAttempts": false,
        "screenshotOnRunFailure": false
      },
      "version": "6.2.0"
    }
  }
}