{
  "stats": {
    "suites": 1,
    "tests": 1,
    "passes": 0,
    "pending": 0,
    "failures": 1,
    "start": "2025-01-04T07:01:11.347Z",
    "end": "2025-01-04T07:01:58.703Z",
    "duration": 47356,
    "testsRegistered": 1,
    "passPercent": 0,
    "pendingPercent": 0,
    "other": 0,
    "hasOther": false,
    "skipped": 0,
    "hasSkipped": false
  },
  "results": [
    {
      "uuid": "7077faaa-4503-4444-92b1-4883b1997c70",
      "title": "",
      "fullFile": "cypress\\e2e\\tests\\ordering\\24-transaction.spec.cy.js",
      "file": "cypress\\e2e\\tests\\ordering\\24-transaction.spec.cy.js",
      "beforeHooks": [],
      "afterHooks": [],
      "tests": [],
      "suites": [
        {
          "uuid": "2a11d9ab-5222-4047-96dc-14a7f89c8bca",
          "title": "Transaction 22",
          "fullFile": "",
          "file": "",
          "beforeHooks": [],
          "afterHooks": [],
          "tests": [
            {
              "title": "1 Pax with MEMC PWD Discount",
              "fullTitle": "Transaction 22 1 Pax with MEMC PWD Discount",
              "timedOut": null,
              "duration": 47287,
              "state": "failed",
              "speed": null,
              "pass": false,
              "fail": true,
              "pending": false,
              "context": "{\n  \"title\": \"cypress-mochawesome-reporter-screenshots\",\n  \"value\": [\n    [\n      \"\\\\24-transaction.spec.cy.js\\\\Transaction 22 -- 1 Pax with MEMC PWD Discount (failed).png\"\n    ]\n  ]\n}",
              "code": "",
              "err": {
                "message": "CypressError: Timed out retrying after 10050ms: `cy.click()` failed because this element is `disabled`:\n\n`<button class=\"border-gray-600 bg-gray-600 transition-all duration-300 ease-in-out  group border rounded-lg h-full w-[82px] flex justify-center items-center select-none\" disabled=\"\">...</button>`\n\nFix this problem, or use `{force: true}` to disable error checking.\n\nhttps://on.cypress.io/element-cannot-be-interacted-with",
                "estack": "CypressError: Timed out retrying after 10050ms: `cy.click()` failed because this element is `disabled`:\n\n`<button class=\"border-gray-600 bg-gray-600 transition-all duration-300 ease-in-out  group border rounded-lg h-full w-[82px] flex justify-center items-center select-none\" disabled=\"\">...</button>`\n\nFix this problem, or use `{force: true}` to disable error checking.\n\nhttps://on.cypress.io/element-cannot-be-interacted-with\n    at Object.isNotDisabled (http://localhost:5173/__cypress/runner/cypress_runner.js:144822:58)\n    at runAllChecks (http://localhost:5173/__cypress/runner/cypress_runner.js:112780:26)\n    at retryActionability (http://localhost:5173/__cypress/runner/cypress_runner.js:112869:16)\n    at tryCatcher (http://localhost:5173/__cypress/runner/cypress_runner.js:1807:23)\n    at Promise.attempt.Promise.try (http://localhost:5173/__cypress/runner/cypress_runner.js:4315:29)\n    at whenStable (http://localhost:5173/__cypress/runner/cypress_runner.js:143646:68)\n    at <unknown> (http://localhost:5173/__cypress/runner/cypress_runner.js:143587:14)\n    at tryCatcher (http://localhost:5173/__cypress/runner/cypress_runner.js:1807:23)\n    at Promise._settlePromiseFromHandler (http://localhost:5173/__cypress/runner/cypress_runner.js:1519:31)\n    at Promise._settlePromise (http://localhost:5173/__cypress/runner/cypress_runner.js:1576:18)\n    at Promise._settlePromise0 (http://localhost:5173/__cypress/runner/cypress_runner.js:1621:10)\n    at Promise._settlePromises (http://localhost:5173/__cypress/runner/cypress_runner.js:1701:18)\n    at Promise._fulfill (http://localhost:5173/__cypress/runner/cypress_runner.js:1645:18)\n    at <unknown> (http://localhost:5173/__cypress/runner/cypress_runner.js:5450:46)\nFrom Your Spec Code:\n    at Context.eval (webpack:///./cypress/e2e/tests/ordering/24-transaction.spec.cy.js:78:36)",
                "diff": null
              },
              "uuid": "213e9cd5-41f2-4b59-b100-40d68d15ae20",
              "parentUUID": "2a11d9ab-5222-4047-96dc-14a7f89c8bca",
              "isHook": false,
              "skipped": false
            }
          ],
          "suites": [],
          "passes": [],
          "failures": [
            "213e9cd5-41f2-4b59-b100-40d68d15ae20"
          ],
          "pending": [],
          "skipped": [],
          "duration": 47287,
          "root": false,
          "rootEmpty": false,
          "_timeout": 2000
        }
      ],
      "passes": [],
      "failures": [],
      "pending": [],
      "skipped": [],
      "duration": 0,
      "root": true,
      "rootEmpty": true,
      "_timeout": 2000
    }
  ],
  "meta": {
    "mocha": {
      "version": "7.0.1"
    },
    "mochawesome": {
      "options": {
        "quiet": true,
        "reportFilename": "[status]-[name]-2025-01-04-report",
        "saveHtml": false,
        "saveJson": true,
        "consoleReporter": "spec",
        "useInlineDiffs": false,
        "code": false
      },
      "version": "7.1.3"
    },
    "marge": {
      "options": {
        "reportDir": "cypress\\reports\\.jsons",
        "charts": true,
        "reportPageTitle": "Cypress POS-OTC Functionality Report",
        "reportFilename": "[status]-[name]-2025-01-04-report",
        "embeddedScreenshots": false,
        "inlineAssets": true,
        "overwrite": false,
        "json": true,
        "html": false,
        "debug": false,
        "quiet": true,
        "videoOnFailOnly": true,
        "code": false,
        "saveAllAttempts": false,
        "screenshotOnRunFailure": false
      },
      "version": "6.2.0"
    }
  }
}