{
  "stats": {
    "suites": 1,
    "tests": 1,
    "passes": 0,
    "pending": 0,
    "failures": 1,
    "start": "2025-01-04T06:59:50.584Z",
    "end": "2025-01-04T07:00:28.220Z",
    "duration": 37636,
    "testsRegistered": 1,
    "passPercent": 0,
    "pendingPercent": 0,
    "other": 0,
    "hasOther": false,
    "skipped": 0,
    "hasSkipped": false
  },
  "results": [
    {
      "uuid": "aa36573c-a398-4260-a6e3-82ab951ef0d8",
      "title": "",
      "fullFile": "cypress\\e2e\\tests\\ordering\\22-transaction.spec.cy.js",
      "file": "cypress\\e2e\\tests\\ordering\\22-transaction.spec.cy.js",
      "beforeHooks": [],
      "afterHooks": [],
      "tests": [],
      "suites": [
        {
          "uuid": "2d2bb1ec-a302-47b6-b37a-06b03a7fcd18",
          "title": "Transaction 20",
          "fullFile": "",
          "file": "",
          "beforeHooks": [],
          "afterHooks": [],
          "tests": [
            {
              "title": "1 Pax with Diplomat Discount",
              "fullTitle": "Transaction 20 1 Pax with Diplomat Discount",
              "timedOut": null,
              "duration": 37588,
              "state": "failed",
              "speed": null,
              "pass": false,
              "fail": true,
              "pending": false,
              "context": "{\n  \"title\": \"cypress-mochawesome-reporter-screenshots\",\n  \"value\": [\n    [\n      \"\\\\22-transaction.spec.cy.js\\\\Transaction 20 -- 1 Pax with Diplomat Discount (failed).png\"\n    ]\n  ]\n}",
              "code": "",
              "err": {
                "message": "AssertionError: Timed out retrying after 10000ms: Expected to find element: `:nth-child(2) > .sc-jtQUzJ > .sc-eOzmre`, but never found it.",
                "estack": "AssertionError: Timed out retrying after 10000ms: Expected to find element: `:nth-child(2) > .sc-jtQUzJ > .sc-eOzmre`, but never found it.\n    at Context.eval (webpack:///./cypress/e2e/tests/ordering/22-transaction.spec.cy.js:18:7)",
                "diff": null
              },
              "uuid": "485869cb-7cff-4c7c-9322-2c192f343ae3",
              "parentUUID": "2d2bb1ec-a302-47b6-b37a-06b03a7fcd18",
              "isHook": false,
              "skipped": false
            }
          ],
          "suites": [],
          "passes": [],
          "failures": [
            "485869cb-7cff-4c7c-9322-2c192f343ae3"
          ],
          "pending": [],
          "skipped": [],
          "duration": 37588,
          "root": false,
          "rootEmpty": false,
          "_timeout": 2000
        }
      ],
      "passes": [],
      "failures": [],
      "pending": [],
      "skipped": [],
      "duration": 0,
      "root": true,
      "rootEmpty": true,
      "_timeout": 2000
    }
  ],
  "meta": {
    "mocha": {
      "version": "7.0.1"
    },
    "mochawesome": {
      "options": {
        "quiet": true,
        "reportFilename": "[status]-[name]-2025-01-04-report",
        "saveHtml": false,
        "saveJson": true,
        "consoleReporter": "spec",
        "useInlineDiffs": false,
        "code": false
      },
      "version": "7.1.3"
    },
    "marge": {
      "options": {
        "reportDir": "cypress\\reports\\.jsons",
        "charts": true,
        "reportPageTitle": "Cypress POS-OTC Functionality Report",
        "reportFilename": "[status]-[name]-2025-01-04-report",
        "embeddedScreenshots": false,
        "inlineAssets": true,
        "overwrite": false,
        "json": true,
        "html": false,
        "debug": false,
        "quiet": true,
        "videoOnFailOnly": true,
        "code": false,
        "saveAllAttempts": false,
        "screenshotOnRunFailure": false
      },
      "version": "6.2.0"
    }
  }
}