{
  "stats": {
    "suites": 1,
    "tests": 4,
    "passes": 4,
    "pending": 0,
    "failures": 0,
    "start": "2025-01-03T09:49:32.953Z",
    "end": "2025-01-03T09:50:44.557Z",
    "duration": 71604,
    "testsRegistered": 4,
    "passPercent": 100,
    "pendingPercent": 0,
    "other": 0,
    "hasOther": false,
    "skipped": 0,
    "hasSkipped": false
  },
  "results": [
    {
      "uuid": "35f3a73c-8466-4b1c-a1c7-01274918845b",
      "title": "",
      "fullFile": "cypress\\e2e\\tests\\ordering\\01.2-ordering.spec.cy.js",
      "file": "cypress\\e2e\\tests\\ordering\\01.2-ordering.spec.cy.js",
      "beforeHooks": [],
      "afterHooks": [],
      "tests": [],
      "suites": [
        {
          "uuid": "7ed7fc0f-e573-4bf1-9222-fccee1591a06",
          "title": "Ordering1.2",
          "fullFile": "",
          "file": "",
          "beforeHooks": [],
          "afterHooks": [],
          "tests": [
            {
              "title": "Reprint Transaction",
              "fullTitle": "Ordering1.2 Reprint Transaction",
              "timedOut": null,
              "duration": 33782,
              "state": "passed",
              "speed": "slow",
              "pass": true,
              "fail": false,
              "pending": false,
              "context": null,
              "code": "",
              "err": {},
              "uuid": "43e30382-6b52-4e18-ae6c-b8009fef9d68",
              "parentUUID": "7ed7fc0f-e573-4bf1-9222-fccee1591a06",
              "isHook": false,
              "skipped": false
            },
            {
              "title": "Reprint Void",
              "fullTitle": "Ordering1.2 Reprint Void",
              "timedOut": null,
              "duration": 12365,
              "state": "passed",
              "speed": "slow",
              "pass": true,
              "fail": false,
              "pending": false,
              "context": null,
              "code": "",
              "err": {},
              "uuid": "5bf66744-48a3-43c3-b830-0edfaaa04c4f",
              "parentUUID": "7ed7fc0f-e573-4bf1-9222-fccee1591a06",
              "isHook": false,
              "skipped": false
            },
            {
              "title": "Void Transaction",
              "fullTitle": "Ordering1.2 Void Transaction",
              "timedOut": null,
              "duration": 12394,
              "state": "passed",
              "speed": "slow",
              "pass": true,
              "fail": false,
              "pending": false,
              "context": null,
              "code": "",
              "err": {},
              "uuid": "a272dba3-6b79-4805-b4a4-e08e5f418491",
              "parentUUID": "7ed7fc0f-e573-4bf1-9222-fccee1591a06",
              "isHook": false,
              "skipped": false
            },
            {
              "title": "Other Transaction - RECALL",
              "fullTitle": "Ordering1.2 Other Transaction - RECALL",
              "timedOut": null,
              "duration": 12508,
              "state": "passed",
              "speed": "slow",
              "pass": true,
              "fail": false,
              "pending": false,
              "context": null,
              "code": "",
              "err": {},
              "uuid": "83414e29-9cbc-46d6-a026-47a5879140e2",
              "parentUUID": "7ed7fc0f-e573-4bf1-9222-fccee1591a06",
              "isHook": false,
              "skipped": false
            }
          ],
          "suites": [],
          "passes": [
            "43e30382-6b52-4e18-ae6c-b8009fef9d68",
            "5bf66744-48a3-43c3-b830-0edfaaa04c4f",
            "a272dba3-6b79-4805-b4a4-e08e5f418491",
            "83414e29-9cbc-46d6-a026-47a5879140e2"
          ],
          "failures": [],
          "pending": [],
          "skipped": [],
          "duration": 71049,
          "root": false,
          "rootEmpty": false,
          "_timeout": 2000
        }
      ],
      "passes": [],
      "failures": [],
      "pending": [],
      "skipped": [],
      "duration": 0,
      "root": true,
      "rootEmpty": true,
      "_timeout": 2000
    }
  ],
  "meta": {
    "mocha": {
      "version": "7.0.1"
    },
    "mochawesome": {
      "options": {
        "quiet": true,
        "reportFilename": "[status]-[name]-2025-01-03-report",
        "saveHtml": false,
        "saveJson": true,
        "consoleReporter": "spec",
        "useInlineDiffs": false,
        "code": false
      },
      "version": "7.1.3"
    },
    "marge": {
      "options": {
        "reportDir": "cypress\\reports\\.jsons",
        "charts": true,
        "reportPageTitle": "Cypress POS-OTC Functionality Report",
        "reportFilename": "[status]-[name]-2025-01-03-report",
        "embeddedScreenshots": false,
        "inlineAssets": true,
        "overwrite": false,
        "json": true,
        "html": false,
        "debug": false,
        "quiet": true,
        "videoOnFailOnly": true,
        "code": false,
        "saveAllAttempts": false,
        "screenshotOnRunFailure": false
      },
      "version": "6.2.0"
    }
  }
}