{
  "stats": {
    "suites": 1,
    "tests": 1,
    "passes": 1,
    "pending": 0,
    "failures": 0,
    "start": "2025-01-04T08:23:17.532Z",
    "end": "2025-01-04T08:24:23.943Z",
    "duration": 66411,
    "testsRegistered": 1,
    "passPercent": 100,
    "pendingPercent": 0,
    "other": 0,
    "hasOther": false,
    "skipped": 0,
    "hasSkipped": false
  },
  "results": [
    {
      "uuid": "b4541a9e-4d40-4317-8b20-cb73ad280c32",
      "title": "",
      "fullFile": "cypress\\e2e\\tests\\ordering\\19-transaction.spec.cy.js",
      "file": "cypress\\e2e\\tests\\ordering\\19-transaction.spec.cy.js",
      "beforeHooks": [],
      "afterHooks": [],
      "tests": [],
      "suites": [
        {
          "uuid": "2b9c8b94-e23e-4e6e-b91d-b159d8d11ca8",
          "title": "Transaction 17",
          "fullFile": "",
          "file": "",
          "beforeHooks": [],
          "afterHooks": [],
          "tests": [
            {
              "title": "1 Pax with PWD Discount",
              "fullTitle": "Transaction 17 1 Pax with PWD Discount",
              "timedOut": null,
              "duration": 66347,
              "state": "passed",
              "speed": "slow",
              "pass": true,
              "fail": false,
              "pending": false,
              "context": null,
              "code": "",
              "err": {},
              "uuid": "58250e6d-e9e5-454e-9818-40ab869cec4e",
              "parentUUID": "2b9c8b94-e23e-4e6e-b91d-b159d8d11ca8",
              "isHook": false,
              "skipped": false
            }
          ],
          "suites": [],
          "passes": [
            "58250e6d-e9e5-454e-9818-40ab869cec4e"
          ],
          "failures": [],
          "pending": [],
          "skipped": [],
          "duration": 66347,
          "root": false,
          "rootEmpty": false,
          "_timeout": 2000
        }
      ],
      "passes": [],
      "failures": [],
      "pending": [],
      "skipped": [],
      "duration": 0,
      "root": true,
      "rootEmpty": true,
      "_timeout": 2000
    }
  ],
  "meta": {
    "mocha": {
      "version": "7.0.1"
    },
    "mochawesome": {
      "options": {
        "quiet": true,
        "reportFilename": "[status]-[name]-2025-01-04-report",
        "saveHtml": false,
        "saveJson": true,
        "consoleReporter": "spec",
        "useInlineDiffs": false,
        "code": false
      },
      "version": "7.1.3"
    },
    "marge": {
      "options": {
        "reportDir": "cypress\\reports\\.jsons",
        "charts": true,
        "reportPageTitle": "Cypress POS-OTC Functionality Report",
        "reportFilename": "[status]-[name]-2025-01-04-report",
        "embeddedScreenshots": false,
        "inlineAssets": true,
        "overwrite": false,
        "json": true,
        "html": false,
        "debug": false,
        "quiet": true,
        "videoOnFailOnly": true,
        "code": false,
        "saveAllAttempts": false,
        "screenshotOnRunFailure": false
      },
      "version": "6.2.0"
    }
  }
}