{
  "stats": {
    "suites": 1,
    "tests": 1,
    "passes": 1,
    "pending": 0,
    "failures": 0,
    "start": "2025-01-04T08:26:38.463Z",
    "end": "2025-01-04T08:27:26.930Z",
    "duration": 48467,
    "testsRegistered": 1,
    "passPercent": 100,
    "pendingPercent": 0,
    "other": 0,
    "hasOther": false,
    "skipped": 0,
    "hasSkipped": false
  },
  "results": [
    {
      "uuid": "83cf89e9-28f3-4177-936a-ee865dfdf27c",
      "title": "",
      "fullFile": "cypress\\e2e\\tests\\ordering\\22-transaction.spec.cy.js",
      "file": "cypress\\e2e\\tests\\ordering\\22-transaction.spec.cy.js",
      "beforeHooks": [],
      "afterHooks": [],
      "tests": [],
      "suites": [
        {
          "uuid": "ddf702fc-8499-49e6-99ec-3dffefe34863",
          "title": "Transaction 20",
          "fullFile": "",
          "file": "",
          "beforeHooks": [],
          "afterHooks": [],
          "tests": [
            {
              "title": "1 Pax with Diplomat Discount",
              "fullTitle": "Transaction 20 1 Pax with Diplomat Discount",
              "timedOut": null,
              "duration": 48416,
              "state": "passed",
              "speed": "slow",
              "pass": true,
              "fail": false,
              "pending": false,
              "context": null,
              "code": "",
              "err": {},
              "uuid": "2f5196e1-b2be-4a80-beca-06c0c3bc61af",
              "parentUUID": "ddf702fc-8499-49e6-99ec-3dffefe34863",
              "isHook": false,
              "skipped": false
            }
          ],
          "suites": [],
          "passes": [
            "2f5196e1-b2be-4a80-beca-06c0c3bc61af"
          ],
          "failures": [],
          "pending": [],
          "skipped": [],
          "duration": 48416,
          "root": false,
          "rootEmpty": false,
          "_timeout": 2000
        }
      ],
      "passes": [],
      "failures": [],
      "pending": [],
      "skipped": [],
      "duration": 0,
      "root": true,
      "rootEmpty": true,
      "_timeout": 2000
    }
  ],
  "meta": {
    "mocha": {
      "version": "7.0.1"
    },
    "mochawesome": {
      "options": {
        "quiet": true,
        "reportFilename": "[status]-[name]-2025-01-04-report",
        "saveHtml": false,
        "saveJson": true,
        "consoleReporter": "spec",
        "useInlineDiffs": false,
        "code": false
      },
      "version": "7.1.3"
    },
    "marge": {
      "options": {
        "reportDir": "cypress\\reports\\.jsons",
        "charts": true,
        "reportPageTitle": "Cypress POS-OTC Functionality Report",
        "reportFilename": "[status]-[name]-2025-01-04-report",
        "embeddedScreenshots": false,
        "inlineAssets": true,
        "overwrite": false,
        "json": true,
        "html": false,
        "debug": false,
        "quiet": true,
        "videoOnFailOnly": true,
        "code": false,
        "saveAllAttempts": false,
        "screenshotOnRunFailure": false
      },
      "version": "6.2.0"
    }
  }
}