{
  "stats": {
    "suites": 1,
    "tests": 18,
    "passes": 18,
    "pending": 0,
    "failures": 0,
    "start": "2025-01-03T09:43:13.635Z",
    "end": "2025-01-03T09:49:30.724Z",
    "duration": 377089,
    "testsRegistered": 18,
    "passPercent": 100,
    "pendingPercent": 0,
    "other": 0,
    "hasOther": false,
    "skipped": 0,
    "hasSkipped": false
  },
  "results": [
    {
      "uuid": "6665f4df-1314-4bd7-8021-e726ee3efdcd",
      "title": "",
      "fullFile": "cypress\\e2e\\tests\\ordering\\01-ordering.spec.cy.js",
      "file": "cypress\\e2e\\tests\\ordering\\01-ordering.spec.cy.js",
      "beforeHooks": [],
      "afterHooks": [],
      "tests": [],
      "suites": [
        {
          "uuid": "10936980-9e95-4a10-81b7-cda72da27071",
          "title": "Ordering ",
          "fullFile": "",
          "file": "",
          "beforeHooks": [],
          "afterHooks": [],
          "tests": [
            {
              "title": "Cash In",
              "fullTitle": "Ordering  Cash In",
              "timedOut": null,
              "duration": 39829,
              "state": "passed",
              "speed": "slow",
              "pass": true,
              "fail": false,
              "pending": false,
              "context": null,
              "code": "",
              "err": {},
              "uuid": "d6f6c660-3e00-4a94-9d33-30baeebe7491",
              "parentUUID": "10936980-9e95-4a10-81b7-cda72da27071",
              "isHook": false,
              "skipped": false
            },
            {
              "title": "Select Pricelist Modal ",
              "fullTitle": "Ordering  Select Pricelist Modal ",
              "timedOut": null,
              "duration": 29228,
              "state": "passed",
              "speed": "slow",
              "pass": true,
              "fail": false,
              "pending": false,
              "context": null,
              "code": "",
              "err": {},
              "uuid": "62138477-3cf7-40b5-943d-98bd870ce8a1",
              "parentUUID": "10936980-9e95-4a10-81b7-cda72da27071",
              "isHook": false,
              "skipped": false
            },
            {
              "title": "Remove Button ",
              "fullTitle": "Ordering  Remove Button ",
              "timedOut": null,
              "duration": 15821,
              "state": "passed",
              "speed": "slow",
              "pass": true,
              "fail": false,
              "pending": false,
              "context": null,
              "code": "",
              "err": {},
              "uuid": "4257c518-4f96-49cb-a493-e405ebd8ad1c",
              "parentUUID": "10936980-9e95-4a10-81b7-cda72da27071",
              "isHook": false,
              "skipped": false
            },
            {
              "title": "Change Qty",
              "fullTitle": "Ordering  Change Qty",
              "timedOut": null,
              "duration": 29181,
              "state": "passed",
              "speed": "slow",
              "pass": true,
              "fail": false,
              "pending": false,
              "context": null,
              "code": "",
              "err": {},
              "uuid": "e23af4c1-14a9-42fd-8ec1-9abfcfa5b82e",
              "parentUUID": "10936980-9e95-4a10-81b7-cda72da27071",
              "isHook": false,
              "skipped": false
            },
            {
              "title": "Change Ordertype type",
              "fullTitle": "Ordering  Change Ordertype type",
              "timedOut": null,
              "duration": 21767,
              "state": "passed",
              "speed": "slow",
              "pass": true,
              "fail": false,
              "pending": false,
              "context": null,
              "code": "",
              "err": {},
              "uuid": "c597c84c-2d36-4337-a1dc-747785889837",
              "parentUUID": "10936980-9e95-4a10-81b7-cda72da27071",
              "isHook": false,
              "skipped": false
            },
            {
              "title": "Special Request",
              "fullTitle": "Ordering  Special Request",
              "timedOut": null,
              "duration": 22789,
              "state": "passed",
              "speed": "slow",
              "pass": true,
              "fail": false,
              "pending": false,
              "context": null,
              "code": "",
              "err": {},
              "uuid": "122b88b3-5d42-44aa-b745-8929c20e2746",
              "parentUUID": "10936980-9e95-4a10-81b7-cda72da27071",
              "isHook": false,
              "skipped": false
            },
            {
              "title": "Adding Discount",
              "fullTitle": "Ordering  Adding Discount",
              "timedOut": null,
              "duration": 31781,
              "state": "passed",
              "speed": "slow",
              "pass": true,
              "fail": false,
              "pending": false,
              "context": null,
              "code": "",
              "err": {},
              "uuid": "0fabb921-9455-4de8-a909-2e983dd5a628",
              "parentUUID": "10936980-9e95-4a10-81b7-cda72da27071",
              "isHook": false,
              "skipped": false
            },
            {
              "title": "Discount Behavior with Remove Item Button",
              "fullTitle": "Ordering  Discount Behavior with Remove Item Button",
              "timedOut": null,
              "duration": 14748,
              "state": "passed",
              "speed": "slow",
              "pass": true,
              "fail": false,
              "pending": false,
              "context": null,
              "code": "",
              "err": {},
              "uuid": "c257c24c-dfbc-496f-a3ad-3c93bf60f452",
              "parentUUID": "10936980-9e95-4a10-81b7-cda72da27071",
              "isHook": false,
              "skipped": false
            },
            {
              "title": "Discount Behavior with Change Quantity Button",
              "fullTitle": "Ordering  Discount Behavior with Change Quantity Button",
              "timedOut": null,
              "duration": 14602,
              "state": "passed",
              "speed": "slow",
              "pass": true,
              "fail": false,
              "pending": false,
              "context": null,
              "code": "",
              "err": {},
              "uuid": "d7bb1818-c993-4294-a52a-6c187c25832b",
              "parentUUID": "10936980-9e95-4a10-81b7-cda72da27071",
              "isHook": false,
              "skipped": false
            },
            {
              "title": "Discount Behavior with Change Ordertype Button",
              "fullTitle": "Ordering  Discount Behavior with Change Ordertype Button",
              "timedOut": null,
              "duration": 14593,
              "state": "passed",
              "speed": "slow",
              "pass": true,
              "fail": false,
              "pending": false,
              "context": null,
              "code": "",
              "err": {},
              "uuid": "3400654b-9cbf-42fc-ad8c-5407a9f7922e",
              "parentUUID": "10936980-9e95-4a10-81b7-cda72da27071",
              "isHook": false,
              "skipped": false
            },
            {
              "title": "Discount Behavior with Free Item Button",
              "fullTitle": "Ordering  Discount Behavior with Free Item Button",
              "timedOut": null,
              "duration": 14813,
              "state": "passed",
              "speed": "slow",
              "pass": true,
              "fail": false,
              "pending": false,
              "context": null,
              "code": "",
              "err": {},
              "uuid": "5d219e51-e657-4473-b7d4-c471d918f4dd",
              "parentUUID": "10936980-9e95-4a10-81b7-cda72da27071",
              "isHook": false,
              "skipped": false
            },
            {
              "title": "Free Item ",
              "fullTitle": "Ordering  Free Item ",
              "timedOut": null,
              "duration": 15073,
              "state": "passed",
              "speed": "slow",
              "pass": true,
              "fail": false,
              "pending": false,
              "context": null,
              "code": "",
              "err": {},
              "uuid": "87b8b814-20f8-41df-a911-0a1bdb9f0241",
              "parentUUID": "10936980-9e95-4a10-81b7-cda72da27071",
              "isHook": false,
              "skipped": false
            },
            {
              "title": "Price Override ",
              "fullTitle": "Ordering  Price Override ",
              "timedOut": null,
              "duration": 23180,
              "state": "passed",
              "speed": "slow",
              "pass": true,
              "fail": false,
              "pending": false,
              "context": null,
              "code": "",
              "err": {},
              "uuid": "28e843c2-e24c-4f63-9d21-c0ba9d31ff14",
              "parentUUID": "10936980-9e95-4a10-81b7-cda72da27071",
              "isHook": false,
              "skipped": false
            },
            {
              "title": "Discount with price override",
              "fullTitle": "Ordering  Discount with price override",
              "timedOut": null,
              "duration": 22347,
              "state": "passed",
              "speed": "slow",
              "pass": true,
              "fail": false,
              "pending": false,
              "context": null,
              "code": "",
              "err": {},
              "uuid": "513867a6-0117-45c5-b25a-348441a7896e",
              "parentUUID": "10936980-9e95-4a10-81b7-cda72da27071",
              "isHook": false,
              "skipped": false
            },
            {
              "title": "Add On Item",
              "fullTitle": "Ordering  Add On Item",
              "timedOut": null,
              "duration": 14534,
              "state": "passed",
              "speed": "slow",
              "pass": true,
              "fail": false,
              "pending": false,
              "context": null,
              "code": "",
              "err": {},
              "uuid": "d842a95c-ed8f-44b0-801e-382d028a9158",
              "parentUUID": "10936980-9e95-4a10-81b7-cda72da27071",
              "isHook": false,
              "skipped": false
            },
            {
              "title": "Cancel Transaction",
              "fullTitle": "Ordering  Cancel Transaction",
              "timedOut": null,
              "duration": 12386,
              "state": "passed",
              "speed": "slow",
              "pass": true,
              "fail": false,
              "pending": false,
              "context": null,
              "code": "",
              "err": {},
              "uuid": "7ae28607-b336-492e-9090-42132e8ca336",
              "parentUUID": "10936980-9e95-4a10-81b7-cda72da27071",
              "isHook": false,
              "skipped": false
            },
            {
              "title": "Payment",
              "fullTitle": "Ordering  Payment",
              "timedOut": null,
              "duration": 20490,
              "state": "passed",
              "speed": "slow",
              "pass": true,
              "fail": false,
              "pending": false,
              "context": null,
              "code": "",
              "err": {},
              "uuid": "21122b80-5f5c-45a6-967f-d8010db4bb19",
              "parentUUID": "10936980-9e95-4a10-81b7-cda72da27071",
              "isHook": false,
              "skipped": false
            },
            {
              "title": "Other Transaction - HOLD",
              "fullTitle": "Ordering  Other Transaction - HOLD",
              "timedOut": null,
              "duration": 18773,
              "state": "passed",
              "speed": "slow",
              "pass": true,
              "fail": false,
              "pending": false,
              "context": null,
              "code": "",
              "err": {},
              "uuid": "c3699349-ef6c-4661-ad9a-f9a86c4d6c09",
              "parentUUID": "10936980-9e95-4a10-81b7-cda72da27071",
              "isHook": false,
              "skipped": false
            }
          ],
          "suites": [],
          "passes": [
            "d6f6c660-3e00-4a94-9d33-30baeebe7491",
            "62138477-3cf7-40b5-943d-98bd870ce8a1",
            "4257c518-4f96-49cb-a493-e405ebd8ad1c",
            "e23af4c1-14a9-42fd-8ec1-9abfcfa5b82e",
            "c597c84c-2d36-4337-a1dc-747785889837",
            "122b88b3-5d42-44aa-b745-8929c20e2746",
            "0fabb921-9455-4de8-a909-2e983dd5a628",
            "c257c24c-dfbc-496f-a3ad-3c93bf60f452",
            "d7bb1818-c993-4294-a52a-6c187c25832b",
            "3400654b-9cbf-42fc-ad8c-5407a9f7922e",
            "5d219e51-e657-4473-b7d4-c471d918f4dd",
            "87b8b814-20f8-41df-a911-0a1bdb9f0241",
            "28e843c2-e24c-4f63-9d21-c0ba9d31ff14",
            "513867a6-0117-45c5-b25a-348441a7896e",
            "d842a95c-ed8f-44b0-801e-382d028a9158",
            "7ae28607-b336-492e-9090-42132e8ca336",
            "21122b80-5f5c-45a6-967f-d8010db4bb19",
            "c3699349-ef6c-4661-ad9a-f9a86c4d6c09"
          ],
          "failures": [],
          "pending": [],
          "skipped": [],
          "duration": 375935,
          "root": false,
          "rootEmpty": false,
          "_timeout": 2000
        }
      ],
      "passes": [],
      "failures": [],
      "pending": [],
      "skipped": [],
      "duration": 0,
      "root": true,
      "rootEmpty": true,
      "_timeout": 2000
    }
  ],
  "meta": {
    "mocha": {
      "version": "7.0.1"
    },
    "mochawesome": {
      "options": {
        "quiet": true,
        "reportFilename": "[status]-[name]-2025-01-03-report",
        "saveHtml": false,
        "saveJson": true,
        "consoleReporter": "spec",
        "useInlineDiffs": false,
        "code": false
      },
      "version": "7.1.3"
    },
    "marge": {
      "options": {
        "reportDir": "cypress\\reports\\.jsons",
        "charts": true,
        "reportPageTitle": "Cypress POS-OTC Functionality Report",
        "reportFilename": "[status]-[name]-2025-01-03-report",
        "embeddedScreenshots": false,
        "inlineAssets": true,
        "overwrite": false,
        "json": true,
        "html": false,
        "debug": false,
        "quiet": true,
        "videoOnFailOnly": true,
        "code": false,
        "saveAllAttempts": false,
        "screenshotOnRunFailure": false
      },
      "version": "6.2.0"
    }
  }
}