{
  "stats": {
    "suites": 1,
    "tests": 4,
    "passes": 4,
    "pending": 0,
    "failures": 0,
    "start": "2025-01-04T08:08:40.404Z",
    "end": "2025-01-04T08:09:51.677Z",
    "duration": 71273,
    "testsRegistered": 4,
    "passPercent": 100,
    "pendingPercent": 0,
    "other": 0,
    "hasOther": false,
    "skipped": 0,
    "hasSkipped": false
  },
  "results": [
    {
      "uuid": "6389783a-a77c-4df9-a32a-94d0c90c5f3b",
      "title": "",
      "fullFile": "cypress\\e2e\\tests\\ordering\\01.2-ordering.spec.cy.js",
      "file": "cypress\\e2e\\tests\\ordering\\01.2-ordering.spec.cy.js",
      "beforeHooks": [],
      "afterHooks": [],
      "tests": [],
      "suites": [
        {
          "uuid": "0d321d2d-ea15-4c33-86b7-30f648f381d9",
          "title": "Ordering1.2",
          "fullFile": "",
          "file": "",
          "beforeHooks": [],
          "afterHooks": [],
          "tests": [
            {
              "title": "Reprint Transaction",
              "fullTitle": "Ordering1.2 Reprint Transaction",
              "timedOut": null,
              "duration": 33471,
              "state": "passed",
              "speed": "slow",
              "pass": true,
              "fail": false,
              "pending": false,
              "context": null,
              "code": "",
              "err": {},
              "uuid": "204fe69a-bd9c-4825-a7b2-b966432a06e6",
              "parentUUID": "0d321d2d-ea15-4c33-86b7-30f648f381d9",
              "isHook": false,
              "skipped": false
            },
            {
              "title": "Reprint Void",
              "fullTitle": "Ordering1.2 Reprint Void",
              "timedOut": null,
              "duration": 12387,
              "state": "passed",
              "speed": "slow",
              "pass": true,
              "fail": false,
              "pending": false,
              "context": null,
              "code": "",
              "err": {},
              "uuid": "f2126b9b-d0ed-4263-8d12-2edbe0bfe21b",
              "parentUUID": "0d321d2d-ea15-4c33-86b7-30f648f381d9",
              "isHook": false,
              "skipped": false
            },
            {
              "title": "Void Transaction",
              "fullTitle": "Ordering1.2 Void Transaction",
              "timedOut": null,
              "duration": 12363,
              "state": "passed",
              "speed": "slow",
              "pass": true,
              "fail": false,
              "pending": false,
              "context": null,
              "code": "",
              "err": {},
              "uuid": "db9549fd-4a61-4227-a3df-0a31b7e3f18c",
              "parentUUID": "0d321d2d-ea15-4c33-86b7-30f648f381d9",
              "isHook": false,
              "skipped": false
            },
            {
              "title": "Other Transaction - RECALL",
              "fullTitle": "Ordering1.2 Other Transaction - RECALL",
              "timedOut": null,
              "duration": 12557,
              "state": "passed",
              "speed": "slow",
              "pass": true,
              "fail": false,
              "pending": false,
              "context": null,
              "code": "",
              "err": {},
              "uuid": "0195e178-21d0-4215-99ae-170b4a0957f7",
              "parentUUID": "0d321d2d-ea15-4c33-86b7-30f648f381d9",
              "isHook": false,
              "skipped": false
            }
          ],
          "suites": [],
          "passes": [
            "204fe69a-bd9c-4825-a7b2-b966432a06e6",
            "f2126b9b-d0ed-4263-8d12-2edbe0bfe21b",
            "db9549fd-4a61-4227-a3df-0a31b7e3f18c",
            "0195e178-21d0-4215-99ae-170b4a0957f7"
          ],
          "failures": [],
          "pending": [],
          "skipped": [],
          "duration": 70778,
          "root": false,
          "rootEmpty": false,
          "_timeout": 2000
        }
      ],
      "passes": [],
      "failures": [],
      "pending": [],
      "skipped": [],
      "duration": 0,
      "root": true,
      "rootEmpty": true,
      "_timeout": 2000
    }
  ],
  "meta": {
    "mocha": {
      "version": "7.0.1"
    },
    "mochawesome": {
      "options": {
        "quiet": true,
        "reportFilename": "[status]-[name]-2025-01-04-report",
        "saveHtml": false,
        "saveJson": true,
        "consoleReporter": "spec",
        "useInlineDiffs": false,
        "code": false
      },
      "version": "7.1.3"
    },
    "marge": {
      "options": {
        "reportDir": "cypress\\reports\\.jsons",
        "charts": true,
        "reportPageTitle": "Cypress POS-OTC Functionality Report",
        "reportFilename": "[status]-[name]-2025-01-04-report",
        "embeddedScreenshots": false,
        "inlineAssets": true,
        "overwrite": false,
        "json": true,
        "html": false,
        "debug": false,
        "quiet": true,
        "videoOnFailOnly": true,
        "code": false,
        "saveAllAttempts": false,
        "screenshotOnRunFailure": false
      },
      "version": "6.2.0"
    }
  }
}