{
  "stats": {
    "suites": 1,
    "tests": 1,
    "passes": 1,
    "pending": 0,
    "failures": 0,
    "start": "2025-01-03T09:58:38.916Z",
    "end": "2025-01-03T09:59:27.056Z",
    "duration": 48140,
    "testsRegistered": 1,
    "passPercent": 100,
    "pendingPercent": 0,
    "other": 0,
    "hasOther": false,
    "skipped": 0,
    "hasSkipped": false
  },
  "results": [
    {
      "uuid": "e76b1cc1-79b0-4549-828f-6d514edebdaa",
      "title": "",
      "fullFile": "cypress\\e2e\\tests\\ordering\\13-transaction.spec.cy.js",
      "file": "cypress\\e2e\\tests\\ordering\\13-transaction.spec.cy.js",
      "beforeHooks": [],
      "afterHooks": [],
      "tests": [],
      "suites": [
        {
          "uuid": "21188b34-fb87-449f-b4c8-247005aef258",
          "title": "Transaction 11",
          "fullFile": "",
          "file": "",
          "beforeHooks": [],
          "afterHooks": [],
          "tests": [
            {
              "title": "1 Pax with MEMC Senior Discount and Service Charge",
              "fullTitle": "Transaction 11 1 Pax with MEMC Senior Discount and Service Charge",
              "timedOut": null,
              "duration": 48078,
              "state": "passed",
              "speed": "slow",
              "pass": true,
              "fail": false,
              "pending": false,
              "context": null,
              "code": "",
              "err": {},
              "uuid": "b15917e3-80b1-40b0-a9df-e68e9ebdf242",
              "parentUUID": "21188b34-fb87-449f-b4c8-247005aef258",
              "isHook": false,
              "skipped": false
            }
          ],
          "suites": [],
          "passes": [
            "b15917e3-80b1-40b0-a9df-e68e9ebdf242"
          ],
          "failures": [],
          "pending": [],
          "skipped": [],
          "duration": 48078,
          "root": false,
          "rootEmpty": false,
          "_timeout": 2000
        }
      ],
      "passes": [],
      "failures": [],
      "pending": [],
      "skipped": [],
      "duration": 0,
      "root": true,
      "rootEmpty": true,
      "_timeout": 2000
    }
  ],
  "meta": {
    "mocha": {
      "version": "7.0.1"
    },
    "mochawesome": {
      "options": {
        "quiet": true,
        "reportFilename": "[status]-[name]-2025-01-03-report",
        "saveHtml": false,
        "saveJson": true,
        "consoleReporter": "spec",
        "useInlineDiffs": false,
        "code": false
      },
      "version": "7.1.3"
    },
    "marge": {
      "options": {
        "reportDir": "cypress\\reports\\.jsons",
        "charts": true,
        "reportPageTitle": "Cypress POS-OTC Functionality Report",
        "reportFilename": "[status]-[name]-2025-01-03-report",
        "embeddedScreenshots": false,
        "inlineAssets": true,
        "overwrite": false,
        "json": true,
        "html": false,
        "debug": false,
        "quiet": true,
        "videoOnFailOnly": true,
        "code": false,
        "saveAllAttempts": false,
        "screenshotOnRunFailure": false
      },
      "version": "6.2.0"
    }
  }
}