{
  "stats": {
    "suites": 1,
    "tests": 1,
    "passes": 1,
    "pending": 0,
    "failures": 0,
    "start": "2025-01-03T09:55:42.747Z",
    "end": "2025-01-03T09:56:24.145Z",
    "duration": 41398,
    "testsRegistered": 1,
    "passPercent": 100,
    "pendingPercent": 0,
    "other": 0,
    "hasOther": false,
    "skipped": 0,
    "hasSkipped": false
  },
  "results": [
    {
      "uuid": "025411e0-523a-4be6-83a7-c3257e4282ed",
      "title": "",
      "fullFile": "cypress\\e2e\\tests\\ordering\\09-transaction.spec.cy.js",
      "file": "cypress\\e2e\\tests\\ordering\\09-transaction.spec.cy.js",
      "beforeHooks": [],
      "afterHooks": [],
      "tests": [],
      "suites": [
        {
          "uuid": "4e7bea51-ad32-4572-be3c-235937cfbe51",
          "title": "Transaction 7",
          "fullFile": "",
          "file": "",
          "beforeHooks": [],
          "afterHooks": [],
          "tests": [
            {
              "title": "1 Pax with Medal of Valor Discount and Service Charge",
              "fullTitle": "Transaction 7 1 Pax with Medal of Valor Discount and Service Charge",
              "timedOut": null,
              "duration": 41331,
              "state": "passed",
              "speed": "slow",
              "pass": true,
              "fail": false,
              "pending": false,
              "context": null,
              "code": "",
              "err": {},
              "uuid": "52ee760e-27f9-4596-9578-082207ac98a2",
              "parentUUID": "4e7bea51-ad32-4572-be3c-235937cfbe51",
              "isHook": false,
              "skipped": false
            }
          ],
          "suites": [],
          "passes": [
            "52ee760e-27f9-4596-9578-082207ac98a2"
          ],
          "failures": [],
          "pending": [],
          "skipped": [],
          "duration": 41331,
          "root": false,
          "rootEmpty": false,
          "_timeout": 2000
        }
      ],
      "passes": [],
      "failures": [],
      "pending": [],
      "skipped": [],
      "duration": 0,
      "root": true,
      "rootEmpty": true,
      "_timeout": 2000
    }
  ],
  "meta": {
    "mocha": {
      "version": "7.0.1"
    },
    "mochawesome": {
      "options": {
        "quiet": true,
        "reportFilename": "[status]-[name]-2025-01-03-report",
        "saveHtml": false,
        "saveJson": true,
        "consoleReporter": "spec",
        "useInlineDiffs": false,
        "code": false
      },
      "version": "7.1.3"
    },
    "marge": {
      "options": {
        "reportDir": "cypress\\reports\\.jsons",
        "charts": true,
        "reportPageTitle": "Cypress POS-OTC Functionality Report",
        "reportFilename": "[status]-[name]-2025-01-03-report",
        "embeddedScreenshots": false,
        "inlineAssets": true,
        "overwrite": false,
        "json": true,
        "html": false,
        "debug": false,
        "quiet": true,
        "videoOnFailOnly": true,
        "code": false,
        "saveAllAttempts": false,
        "screenshotOnRunFailure": false
      },
      "version": "6.2.0"
    }
  }
}